2019-06-12T09:17:13.458Z - normal: Load ~/.CocosCreator/settings.json
2019-06-12T09:17:14.590Z - normal: Initializing Asset Database
2019-06-12T09:17:14.593Z - normal: checking language setting...
2019-06-12T09:17:14.593Z - normal: Language: zh
2019-06-12T09:17:15.623Z - success: preview server running at http://localhost:7456
2019-06-12T09:17:15.625Z - success: protocol editor-framework registered
2019-06-12T09:17:15.625Z - success: protocol app registered
2019-06-12T09:17:15.625Z - success: protocol theme registered
2019-06-12T09:17:15.625Z - success: protocol packages registered
2019-06-12T09:17:15.626Z - success: protocol uuid registerred
2019-06-12T09:17:15.626Z - success: protocol db registerred
2019-06-12T09:17:15.626Z - success: protocol thumbnail registerred
2019-06-12T09:17:15.626Z - success: protocol unpack registerred
2019-06-12T09:17:15.626Z - success: protocol disable-commonjs registerred
2019-06-12T09:17:15.796Z - normal: connected!
2019-06-12T09:17:15.797Z - normal: Check project E:\gameTemplet\clock
2019-06-12T09:17:15.799Z - normal: Initializing project E:\gameTemplet\clock
2019-06-12T09:17:16.420Z - normal: Initializing Cocos2d
2019-06-12T09:17:19.759Z - normal: Initializing engine extends
2019-06-12T09:17:19.916Z - success: asset-db-debugger loaded
2019-06-12T09:17:19.924Z - success: baidu-adapter loaded
2019-06-12T09:17:19.932Z - success: color-picker loaded
2019-06-12T09:17:20.148Z - success: fb-audience-network loaded
2019-06-12T09:17:20.232Z - success: fb-live-stream loaded
2019-06-12T09:17:20.260Z - success: google-play-instant loaded
2019-06-12T09:17:20.317Z - success: huawei-runtime loaded
2019-06-12T09:17:21.389Z - success: cpk-publish loaded
2019-06-12T09:17:21.393Z - success: jsb-adapter loaded
2019-06-12T09:17:21.435Z - success: oppo-runtime loaded
2019-06-12T09:17:21.465Z - success: package-manager loaded
2019-06-12T09:17:21.854Z - success: qqplay-adapter loaded
2019-06-12T09:17:21.862Z - success: runtime-dev-tools loaded
2019-06-12T09:17:21.892Z - success: sdkbox loaded
2019-06-12T09:17:21.918Z - success: tester loaded
2019-06-12T09:17:21.928Z - success: ui-grid loaded
2019-06-12T09:17:21.936Z - success: ui-kit-preview-extra loaded
2019-06-12T09:17:21.944Z - success: ui-kit-preview loaded
2019-06-12T09:17:21.946Z - success: ui-kit loaded
2019-06-12T09:17:21.967Z - success: ui-tree loaded
2019-06-12T09:17:22.002Z - success: vivo-runtime loaded
2019-06-12T09:17:22.006Z - success: weapp-adapter loaded
2019-06-12T09:17:22.009Z - success: xiaomi-adapter loaded
2019-06-12T09:17:22.086Z - success: assets loaded
2019-06-12T09:17:22.089Z - success: builder loaded
2019-06-12T09:17:22.569Z - success: cocos-services loaded
2019-06-12T09:17:22.583Z - success: console loaded
2019-06-12T09:17:22.620Z - success: fb-instant-games loaded
2019-06-12T09:17:22.622Z - success: google-instant-games loaded
2019-06-12T09:17:22.627Z - success: hierarchy loaded
2019-06-12T09:17:22.630Z - success: inspector loaded
2019-06-12T09:17:22.631Z - success: keystore loaded
2019-06-12T09:17:22.635Z - success: node-library loaded
2019-06-12T09:17:22.637Z - success: package-asset loaded
2019-06-12T09:17:22.639Z - success: preferences loaded
2019-06-12T09:17:22.640Z - success: project-exporter loaded
2019-06-12T09:17:22.642Z - success: project-importer loaded
2019-06-12T09:17:22.644Z - success: project-settings loaded
2019-06-12T09:17:22.648Z - success: scene loaded
2019-06-12T09:17:22.649Z - success: simulator-debugger loaded
2019-06-12T09:17:22.651Z - success: sprite-editor loaded
2019-06-12T09:17:22.654Z - success: store loaded
2019-06-12T09:17:22.672Z - success: timeline loaded
2019-06-12T09:17:22.678Z - success: xiaomi-runtime loaded
2019-06-12T09:17:26.189Z - info: Cocos Services load base data!
2019-06-12T09:17:29.329Z - normal: Loading packages
2019-06-12T09:17:29.335Z - normal: Watching packages
2019-06-12T09:17:29.826Z - normal: Run Application
2019-06-12T09:17:41.442Z - warn: Please specifiy a default value for "NewClass" property at its declaration:
 
// Before:
@property(...)
value; 
// After:
@property(...)
value = 0 lCountDown
2019-06-12T09:17:41.442Z - warn: Please specifiy a default value for "NewClass" property at its declaration:
 
// Before:
@property(...)
value; 
// After:
@property(...)
value = 0 inputNumber
2019-06-12T09:17:41.444Z - warn: Please specifiy a default value for "NewClass" property at its declaration:
 
// Before:
@property(...)
value; 
// After:
@property(...)
value = 0 inputBox
2019-06-12T09:18:10.654Z - normal: Start building with options : {
  "actualPlatform": "win32",
  "android-instant": {
    "REMOTE_SERVER_ROOT": "",
    "host": "",
    "pathPattern": "",
    "recordPath": "",
    "scheme": "https",
    "skipRecord": false
  },
  "apiLevel": "",
  "appABIs": [],
  "appBundle": false,
  "baidugame": {
    "REMOTE_SERVER_ROOT": "",
    "appid": "testappid",
    "orientation": "portrait",
    "subContext": ""
  },
  "buildPath": "E:\\gameTemplet\\clock\\build",
  "debug": false,
  "dest": "E:\\gameTemplet\\clock\\build\\jsb-link",
  "embedWebDebugger": false,
  "encryptJs": false,
  "excludeScenes": [],
  "excludedModules": [],
  "fb-instant-games": {},
  "includeSDKBox": false,
  "inlineSpriteFrames": true,
  "inlineSpriteFrames_native": true,
  "md5Cache": false,
  "mergeStartScene": false,
  "optimizeHotUpdate": false,
  "orientation": {
    "landscapeLeft": true,
    "landscapeRight": true,
    "portrait": false,
    "upsideDown": false
  },
  "packageName": "org.cocos2d.clock",
  "platform": "win32",
  "previewHeight": "720",
  "previewWidth": "1280",
  "qqplay": {
    "REMOTE_SERVER_ROOT": "",
    "orientation": "portrait",
    "zip": false
  },
  "scenes": [
    "2bf088d1-a537-4e59-8222-d9fc8afa0cf5"
  ],
  "sourceMaps": false,
  "startScene": "2bf088d1-a537-4e59-8222-d9fc8afa0cf5",
  "template": "link",
  "title": "clock",
  "useDebugKeystore": true,
  "vsVersion": "auto",
  "webOrientation": "auto",
  "wechatgame": {
    "REMOTE_SERVER_ROOT": "",
    "appid": "wx6ac3f5090a6b99c5",
    "orientation": "portrait",
    "separate_engine": false,
    "subContext": ""
  },
  "xxteaKey": "14abeb88-1608-4f",
  "zipCompressJs": true,
  "project": "E:\\gameTemplet\\clock",
  "projectName": "clock",
  "debugBuildWorker": false
}
2019-06-12T09:18:10.656Z - normal: Building E:\gameTemplet\clock
2019-06-12T09:18:10.657Z - normal: Destination E:\gameTemplet\clock\build\jsb-link
2019-06-12T09:18:20.218Z - normal: Delete E:\gameTemplet\clock\build\jsb-link\subpackages/**/*,E:\gameTemplet\clock\build\jsb-link\res/**/*,E:\gameTemplet\clock\build\jsb-link\src/**/*
2019-06-12T09:18:24.339Z - normal: Creating native cocos project to  E:\gameTemplet\clock\build\jsb-link
2019-06-12T09:18:31.993Z - normal: Start building assets
2019-06-12T09:18:31.993Z - normal: Start spawn build-worker
2019-06-12T09:18:32.687Z - normal: Finish spawn build-worker
2019-06-12T09:18:32.687Z - normal: Start init build-worker
2019-06-12T09:18:35.695Z - normal: Finish init build-worker
2019-06-12T09:18:35.695Z - normal: Start build-assets in worker
2019-06-12T09:18:35.850Z - info: Enable "内联所有 SpriteFrame" in native platform will increase the package size used in hot update.
2019-06-12T09:18:36.039Z - normal: Finish build-assets in worker
2019-06-12T09:18:36.047Z - normal: Finish building assets
2019-06-12T09:18:36.058Z - normal: Start building plugin scripts
2019-06-12T09:18:37.349Z - normal: Finish building plugin scripts
2019-06-12T09:18:37.397Z - normal: Generating main.js from F:\CocosCreator\2010\resources\static\build-templates\shares\main.js
2019-06-12T09:18:37.422Z - normal: Built to "E:\gameTemplet\clock\build\jsb-link" successfully
